0 info it worked if it ends with ok
1 verbose cli [ '/usr/local/bin/node', '/usr/local/bin/npm', 'run', 'start' ]
2 info using npm@4.1.2
3 info using node@v7.7.2
4 verbose run-script [ 'prestart', 'start', 'poststart' ]
5 info lifecycle exchangeTrader@0.1.0~prestart: exchangeTrader@0.1.0
6 silly lifecycle exchangeTrader@0.1.0~prestart: no script for prestart, continuing
7 info lifecycle exchangeTrader@0.1.0~start: exchangeTrader@0.1.0
8 verbose lifecycle exchangeTrader@0.1.0~start: unsafe-perm in lifecycle true
9 verbose lifecycle exchangeTrader@0.1.0~start: PATH: /usr/local/lib/node_modules/npm/bin/node-gyp-bin:/Users/jaredstarin/Desktop/dev/exchangeTrader/node_modules/.bin:/Users/jaredstarin/Desktop/google-cloud-sdk/bin:/Users/jaredstarin/anaconda/bin:/Library/Frameworks/Python.framework/Versions/3.6/bin:/usr/local/bin:/usr/bin:/bin:/usr/sbin:/sbin
10 verbose lifecycle exchangeTrader@0.1.0~start: CWD: /Users/jaredstarin/Desktop/dev/exchangeTrader
11 silly lifecycle exchangeTrader@0.1.0~start: Args: [ '-c', 'node bin/dev' ]
12 silly lifecycle exchangeTrader@0.1.0~start: Returned: code: 1  signal: null
13 info lifecycle exchangeTrader@0.1.0~start: Failed to exec start script
14 verbose stack Error: exchangeTrader@0.1.0 start: `node bin/dev`
14 verbose stack Exit status 1
14 verbose stack     at EventEmitter.<anonymous> (/usr/local/lib/node_modules/npm/lib/utils/lifecycle.js:279:16)
14 verbose stack     at emitTwo (events.js:106:13)
14 verbose stack     at EventEmitter.emit (events.js:194:7)
14 verbose stack     at ChildProcess.<anonymous> (/usr/local/lib/node_modules/npm/lib/utils/spawn.js:40:14)
14 verbose stack     at emitTwo (events.js:106:13)
14 verbose stack     at ChildProcess.emit (events.js:194:7)
14 verbose stack     at maybeClose (internal/child_process.js:899:16)
14 verbose stack     at Process.ChildProcess._handle.onexit (internal/child_process.js:226:5)
15 verbose pkgid exchangeTrader@0.1.0
16 verbose cwd /Users/jaredstarin/Desktop/dev/exchangeTrader/src
17 error Darwin 15.5.0
18 error argv "/usr/local/bin/node" "/usr/local/bin/npm" "run" "start"
19 error node v7.7.2
20 error npm  v4.1.2
21 error code ELIFECYCLE
22 error exchangeTrader@0.1.0 start: `node bin/dev`
22 error Exit status 1
23 error Failed at the exchangeTrader@0.1.0 start script 'node bin/dev'.
23 error Make sure you have the latest version of node.js and npm installed.
23 error If you do, this is most likely a problem with the exchangeTrader package,
23 error not with npm itself.
23 error Tell the author that this fails on your system:
23 error     node bin/dev
23 error You can get information on how to open an issue for this project with:
23 error     npm bugs exchangeTrader
23 error Or if that isn't available, you can get their info via:
23 error     npm owner ls exchangeTrader
23 error There is likely additional logging output above.
24 verbose exit [ 1, true ]
